<?xml version="1.0" encoding="UTF-8"?>
<!-- Generated by org.testng.reporters.JUnitReportReporter -->
<testsuite skipped="0" hostname="Vardhmans-MacBook-Pro.local" name="com.assign.testcases.GoogleSearchTest" tests="1" failures="0" timestamp="09 Oct 2019 21:33:26 GMT" time="7.314" errors="0">
  <testcase name="printTitleAndSections" time="7.314" classname="com.assign.testcases.GoogleSearchTest"/>
</testsuite> <!-- com.assign.testcases.GoogleSearchTest -->
